#! /opt/homebrew/Cellar/icarus-verilog/12.0/bin/vvp
:ivl_version "12.0 (stable)";
:ivl_delay_selection "TYPICAL";
:vpi_time_precision - 9;
:vpi_module "/opt/homebrew/Cellar/icarus-verilog/12.0/lib/ivl/system.vpi";
:vpi_module "/opt/homebrew/Cellar/icarus-verilog/12.0/lib/ivl/vhdl_sys.vpi";
:vpi_module "/opt/homebrew/Cellar/icarus-verilog/12.0/lib/ivl/vhdl_textio.vpi";
:vpi_module "/opt/homebrew/Cellar/icarus-verilog/12.0/lib/ivl/v2005_math.vpi";
:vpi_module "/opt/homebrew/Cellar/icarus-verilog/12.0/lib/ivl/va_math.vpi";
:vpi_module "/opt/homebrew/Cellar/icarus-verilog/12.0/lib/ivl/v2009.vpi";
S_0x13b704410 .scope package, "$unit" "$unit" 2 1;
 .timescale 0 0;
S_0x13b704580 .scope module, "clocks" "clocks" 3 2;
 .timescale -9 -9;
v0x600002fa0000_0 .var "a", 0 0;
v0x600002fa0090_0 .var "b", 0 0;
v0x600002fa0120_0 .var "c", 0 0;
    .scope S_0x13b704580;
T_0 ;
    %pushi/vec4 0, 0, 1;
    %store/vec4 v0x600002fa0000_0, 0, 1;
    %pushi/vec4 0, 0, 1;
    %store/vec4 v0x600002fa0090_0, 0, 1;
    %pushi/vec4 0, 0, 1;
    %store/vec4 v0x600002fa0120_0, 0, 1;
    %end;
    .thread T_0, $init;
    .scope S_0x13b704580;
T_1 ;
    %vpi_call/w 3 7 "$dumpfile", "clocks.vcd" {0 0 0};
    %vpi_call/w 3 8 "$dumpvars", 32'sb00000000000000000000000000000000, S_0x13b704580 {0 0 0};
    %end;
    .thread T_1;
    .scope S_0x13b704580;
T_2 ;
    %delay 1, 0;
    %load/vec4 v0x600002fa0000_0;
    %inv;
    %store/vec4 v0x600002fa0000_0, 0, 1;
    %jmp T_2;
    .thread T_2;
    .scope S_0x13b704580;
T_3 ;
    %delay 2, 0;
    %load/vec4 v0x600002fa0090_0;
    %inv;
    %store/vec4 v0x600002fa0090_0, 0, 1;
    %delay 1, 0;
    %load/vec4 v0x600002fa0090_0;
    %inv;
    %store/vec4 v0x600002fa0090_0, 0, 1;
    %jmp T_3;
    .thread T_3;
    .scope S_0x13b704580;
T_4 ;
    %delay 5, 0;
    %load/vec4 v0x600002fa0120_0;
    %inv;
    %store/vec4 v0x600002fa0120_0, 0, 1;
    %jmp T_4;
    .thread T_4;
# The file index is used to find the file name in the following table.
:file_names 4;
    "N/A";
    "<interactive>";
    "-";
    "clocks.v";
